<?xml version="1.0" encoding="UTF-8"?>
<!-- Generated by org.testng.reporters.JUnitReportReporter -->
<testsuite hostname="LAPTOP-QCFL9N43" failures="0" tests="2" name="testScript.LoginTest" time="9.987" errors="0" timestamp="2026-09-12T10:14:27 EDT" skipped="0">
  <testcase classname="testScript.LoginTest" name="verifyUserLoginWithInvalidUserName" time="5.962"/>
  <testcase classname="testScript.LoginTest" name="verifyUserLoginWithInvalidUserName" time="4.025"/>
</testsuite> <!-- testScript.LoginTest -->
