<?xml version="1.0" encoding="UTF-8"?>
<!-- Generated by org.testng.reporters.JUnitReportReporter -->
<testsuite hostname="LAPTOP-QCFL9N43" failures="0" tests="2" name="testScript.LoginTest" time="9.702" errors="0" timestamp="2026-09-10T09:46:25 EDT" skipped="0">
  <testcase classname="testScript.LoginTest" name="verifyUserLoginWithInvalidUserName" time="5.903"/>
  <testcase classname="testScript.LoginTest" name="verifyUserLoginWithInvalidUserName" time="3.799"/>
</testsuite> <!-- testScript.LoginTest -->
