<?xml version="1.0" encoding="UTF-8"?>
<!-- Generated by org.testng.reporters.JUnitXMLReporter -->
<testsuite ignored="3" hostname="LAPTOP-QCFL9N43" failures="0" tests="2" name="Test" time="9.794" errors="0" timestamp="2026-09-10T09:46:25 EDT">
  <testcase classname="testScript.LoginTest" name="verifyUserLoginWithInvalidUserName" time="0.708"/>
  <testcase classname="testScript.LoginTest" name="verifyUserLoginWithInvalidUserName" time="0.875"/>
  <testcase classname="testScript.LoginTest" name="verifyUserLoginWithInvalidCredentials" time="0.0">
    <ignored/>
  </testcase> <!-- verifyUserLoginWithInvalidCredentials -->
  <testcase classname="testScript.LoginTest" name="varifyUserLoginWithValidCredentials" time="0.0">
    <ignored/>
  </testcase> <!-- varifyUserLoginWithValidCredentials -->
  <testcase classname="testScript.LoginTest" name="verifyLoginWithInvalidPassword" time="0.0">
    <ignored/>
  </testcase> <!-- verifyLoginWithInvalidPassword -->
</testsuite> <!-- Test -->
