<?xml version="1.0" encoding="UTF-8"?>
<!-- Generated by org.testng.reporters.JUnitXMLReporter -->
<testsuite ignored="3" hostname="LAPTOP-QCFL9N43" failures="0" tests="1" name="ChromeTest" time="9.047" errors="0" timestamp="2026-09-08T09:43:51 EDT">
  <testcase classname="testScript.LoginTest" name="varifyUserLoginWithValidCredentials" time="3.711"/>
  <testcase classname="testScript.LoginTest" name="verifyLoginWithInvalidPassword" time="0.0">
    <ignored/>
  </testcase> <!-- verifyLoginWithInvalidPassword -->
  <testcase classname="testScript.LoginTest" name="verifyUserLoginWithInvalidUserName" time="0.0">
    <ignored/>
  </testcase> <!-- verifyUserLoginWithInvalidUserName -->
  <testcase classname="testScript.LoginTest" name="verifyUserLoginWithInvalidCredentials" time="0.0">
    <ignored/>
  </testcase> <!-- verifyUserLoginWithInvalidCredentials -->
</testsuite> <!-- ChromeTest -->
