<?xml version="1.0" encoding="UTF-8"?>
<testng-results ignored="0" total="2" passed="2" failed="0" skipped="0">
  <reporter-output>
  </reporter-output>
  <suite started-at="2026-09-12T10:14:16 EDT" name="Suite" finished-at="2026-09-12T10:14:26 EDT" duration-ms="10048">
    <groups>
      <group name="smoke">
        <method signature="LoginTest.verifyUserLoginWithInvalidUserName(java.lang.String,java.lang.String)[pri:3, instance:testScript.LoginTest@8462f31]" name="verifyUserLoginWithInvalidUserName" class="testScript.LoginTest"/>
      </group> <!-- smoke -->
    </groups>
    <test started-at="2026-09-12T10:14:16 EDT" name="Test" finished-at="2026-09-12T10:14:26 EDT" duration-ms="10048">
      <class name="testScript.LoginTest">
        <test-method is-config="true" signature="browserInitialization(java.lang.String)[pri:0, instance:testScript.LoginTest@8462f31]" started-at="2026-09-12T10:14:16 EDT" name="browserInitialization" finished-at="2026-09-12T10:14:21 EDT" duration-ms="5013" status="PASS">
          <params>
            <param index="0">
              <value>
                <![CDATA[chrome]]>
              </value>
            </param>
          </params>
          <reporter-output>
          </reporter-output>
        </test-method> <!-- browserInitialization -->
        <test-method signature="verifyUserLoginWithInvalidUserName(java.lang.String,java.lang.String)[pri:3, instance:testScript.LoginTest@8462f31]" started-at="2026-09-12T10:14:21 EDT" name="verifyUserLoginWithInvalidUserName" description="User is trying to login with invalid username and valid password" data-provider="LoginData" finished-at="2026-09-12T10:14:22 EDT" duration-ms="946" status="PASS">
          <params>
            <param index="0">
              <value>
                <![CDATA[admin]]>
              </value>
            </param>
            <param index="1">
              <value>
                <![CDATA[admin22]]>
              </value>
            </param>
          </params>
          <reporter-output>
          </reporter-output>
        </test-method> <!-- verifyUserLoginWithInvalidUserName -->
        <test-method is-config="true" signature="closeBrowser(org.testng.ITestResult)[pri:0, instance:testScript.LoginTest@8462f31]" started-at="2026-09-12T10:14:22 EDT" name="closeBrowser" finished-at="2026-09-12T10:14:22 EDT" duration-ms="4" status="PASS">
          <params>
            <param index="0">
              <value>
                <![CDATA[[TestResult name=verifyUserLoginWithInvalidUserName status=SUCCESS method=LoginTest.verifyUserLoginWithInvalidUserName(java.lang.String,java.lang.String)[pri:3, instance:testScript.LoginTest@8462f31] output={null}]]]>
              </value>
            </param>
          </params>
          <reporter-output>
          </reporter-output>
        </test-method> <!-- closeBrowser -->
        <test-method is-config="true" signature="browserInitialization(java.lang.String)[pri:0, instance:testScript.LoginTest@8462f31]" started-at="2026-09-12T10:14:22 EDT" name="browserInitialization" finished-at="2026-09-12T10:14:26 EDT" duration-ms="3326" status="PASS">
          <params>
            <param index="0">
              <value>
                <![CDATA[chrome]]>
              </value>
            </param>
          </params>
          <reporter-output>
          </reporter-output>
        </test-method> <!-- browserInitialization -->
        <test-method signature="verifyUserLoginWithInvalidUserName(java.lang.String,java.lang.String)[pri:3, instance:testScript.LoginTest@8462f31]" started-at="2026-09-12T10:14:26 EDT" name="verifyUserLoginWithInvalidUserName" description="User is trying to login with invalid username and valid password" data-provider="LoginData" finished-at="2026-09-12T10:14:26 EDT" duration-ms="695" status="PASS">
          <params>
            <param index="0">
              <value>
                <![CDATA[admin123]]>
              </value>
            </param>
            <param index="1">
              <value>
                <![CDATA[admin123]]>
              </value>
            </param>
          </params>
          <reporter-output>
          </reporter-output>
        </test-method> <!-- verifyUserLoginWithInvalidUserName -->
        <test-method is-config="true" signature="closeBrowser(org.testng.ITestResult)[pri:0, instance:testScript.LoginTest@8462f31]" started-at="2026-09-12T10:14:26 EDT" name="closeBrowser" finished-at="2026-09-12T10:14:26 EDT" duration-ms="3" status="PASS">
          <params>
            <param index="0">
              <value>
                <![CDATA[[TestResult name=verifyUserLoginWithInvalidUserName status=SUCCESS method=LoginTest.verifyUserLoginWithInvalidUserName(java.lang.String,java.lang.String)[pri:3, instance:testScript.LoginTest@8462f31] output={null}]]]>
              </value>
            </param>
          </params>
          <reporter-output>
          </reporter-output>
        </test-method> <!-- closeBrowser -->
      </class> <!-- testScript.LoginTest -->
    </test> <!-- Test -->
  </suite> <!-- Suite -->
</testng-results>
