<?xml version="1.0" encoding="UTF-8"?>
<!-- Generated by org.testng.reporters.JUnitXMLReporter -->
<testsuite ignored="3" hostname="LAPTOP-QCFL9N43" failures="0" tests="2" name="Test" time="10.048" errors="0" timestamp="2026-09-12T10:14:27 EDT">
  <testcase classname="testScript.LoginTest" name="verifyUserLoginWithInvalidUserName" time="0.946"/>
  <testcase classname="testScript.LoginTest" name="verifyUserLoginWithInvalidUserName" time="0.695"/>
  <testcase classname="testScript.LoginTest" name="varifyUserLoginWithValidCredentials" time="0.0">
    <ignored/>
  </testcase> <!-- varifyUserLoginWithValidCredentials -->
  <testcase classname="testScript.LoginTest" name="verifyLoginWithInvalidPassword" time="0.0">
    <ignored/>
  </testcase> <!-- verifyLoginWithInvalidPassword -->
  <testcase classname="testScript.LoginTest" name="verifyUserLoginWithInvalidCredentials" time="0.0">
    <ignored/>
  </testcase> <!-- verifyUserLoginWithInvalidCredentials -->
</testsuite> <!-- Test -->
